{"/Users/ray/git/492/und-ims/api/config/env/test.js":{"path":"/Users/ray/git/492/und-ims/api/config/env/test.js","s":{"1":1},"b":{},"f":{},"fnMap":{},"statementMap":{"1":{"start":{"line":8,"column":0},"end":{"line":28,"column":2}}},"branchMap":{}},"/Users/ray/git/492/und-ims/api/api/responses/badRequest.js":{"path":"/Users/ray/git/492/und-ims/api/api/responses/badRequest.js","s":{"1":2,"2":2,"3":3,"4":3,"5":3},"b":{"1":[3,1]},"f":{"1":3},"fnMap":{"1":{"name":"(anonymous_1)","line":13,"loc":{"start":{"line":13,"column":17},"end":{"line":13,"column":41}}}},"statementMap":{"1":{"start":{"line":11,"column":0},"end":{"line":11,"column":28}},"2":{"start":{"line":13,"column":0},"end":{"line":22,"column":2}},"3":{"start":{"line":14,"column":2},"end":{"line":18,"column":32}},"4":{"start":{"line":20,"column":2},"end":{"line":20,"column":23}},"5":{"start":{"line":21,"column":2},"end":{"line":21,"column":27}}},"branchMap":{"1":{"line":17,"type":"binary-expr","locations":[{"start":{"line":17,"column":10},"end":{"line":17,"column":14}},{"start":{"line":17,"column":18},"end":{"line":17,"column":20}}]}}},"/Users/ray/git/492/und-ims/api/api/responses/created.js":{"path":"/Users/ray/git/492/und-ims/api/api/responses/created.js","s":{"1":2,"2":2,"3":3,"4":3,"5":3},"b":{"1":[3,1]},"f":{"1":3},"fnMap":{"1":{"name":"(anonymous_1)","line":14,"loc":{"start":{"line":14,"column":17},"end":{"line":14,"column":41}}}},"statementMap":{"1":{"start":{"line":12,"column":0},"end":{"line":12,"column":28}},"2":{"start":{"line":14,"column":0},"end":{"line":23,"column":2}},"3":{"start":{"line":15,"column":2},"end":{"line":19,"column":32}},"4":{"start":{"line":21,"column":2},"end":{"line":21,"column":23}},"5":{"start":{"line":22,"column":2},"end":{"line":22,"column":27}}},"branchMap":{"1":{"line":18,"type":"binary-expr","locations":[{"start":{"line":18,"column":10},"end":{"line":18,"column":14}},{"start":{"line":18,"column":18},"end":{"line":18,"column":20}}]}}},"/Users/ray/git/492/und-ims/api/api/responses/forbidden.js":{"path":"/Users/ray/git/492/und-ims/api/api/responses/forbidden.js","s":{"1":2,"2":2,"3":3,"4":3,"5":3},"b":{"1":[3,1]},"f":{"1":3},"fnMap":{"1":{"name":"(anonymous_1)","line":13,"loc":{"start":{"line":13,"column":17},"end":{"line":13,"column":41}}}},"statementMap":{"1":{"start":{"line":11,"column":0},"end":{"line":11,"column":28}},"2":{"start":{"line":13,"column":0},"end":{"line":22,"column":2}},"3":{"start":{"line":14,"column":2},"end":{"line":18,"column":32}},"4":{"start":{"line":20,"column":2},"end":{"line":20,"column":23}},"5":{"start":{"line":21,"column":2},"end":{"line":21,"column":27}}},"branchMap":{"1":{"line":17,"type":"binary-expr","locations":[{"start":{"line":17,"column":10},"end":{"line":17,"column":14}},{"start":{"line":17,"column":18},"end":{"line":17,"column":20}}]}}},"/Users/ray/git/492/und-ims/api/api/responses/negotiate.js":{"path":"/Users/ray/git/492/und-ims/api/api/responses/negotiate.js","s":{"1":2,"2":2,"3":9,"4":9,"5":9,"6":9,"7":9,"8":9,"9":9,"10":9,"11":2,"12":7,"13":1,"14":6,"15":1,"16":5,"17":2,"18":3},"b":{"1":[9,3],"2":[9,3],"3":[9,3,2],"4":[2,7],"5":[1,6],"6":[1,5],"7":[2,3],"8":[5,5]},"f":{"1":9},"fnMap":{"1":{"name":"(anonymous_1)","line":11,"loc":{"start":{"line":11,"column":17},"end":{"line":11,"column":34}}}},"statementMap":{"1":{"start":{"line":9,"column":0},"end":{"line":9,"column":28}},"2":{"start":{"line":11,"column":0},"end":{"line":26,"column":2}},"3":{"start":{"line":12,"column":2},"end":{"line":12,"column":23}},"4":{"start":{"line":13,"column":2},"end":{"line":13,"column":36}},"5":{"start":{"line":14,"column":2},"end":{"line":14,"column":68}},"6":{"start":{"line":15,"column":2},"end":{"line":15,"column":36}},"7":{"start":{"line":16,"column":2},"end":{"line":16,"column":137}},"8":{"start":{"line":17,"column":2},"end":{"line":17,"column":81}},"9":{"start":{"line":18,"column":2},"end":{"line":18,"column":39}},"10":{"start":{"line":20,"column":2},"end":{"line":20,"column":64}},"11":{"start":{"line":20,"column":26},"end":{"line":20,"column":64}},"12":{"start":{"line":21,"column":2},"end":{"line":21,"column":61}},"13":{"start":{"line":21,"column":26},"end":{"line":21,"column":61}},"14":{"start":{"line":22,"column":2},"end":{"line":22,"column":60}},"15":{"start":{"line":22,"column":26},"end":{"line":22,"column":60}},"16":{"start":{"line":23,"column":2},"end":{"line":23,"column":81}},"17":{"start":{"line":23,"column":45},"end":{"line":23,"column":81}},"18":{"start":{"line":25,"column":2},"end":{"line":25,"column":39}}},"branchMap":{"1":{"line":14,"type":"binary-expr","locations":[{"start":{"line":14,"column":18},"end":{"line":14,"column":40}},{"start":{"line":14,"column":44},"end":{"line":14,"column":67}}]},"2":{"line":16,"type":"binary-expr","locations":[{"start":{"line":16,"column":15},"end":{"line":16,"column":48}},{"start":{"line":16,"column":52},"end":{"line":16,"column":136}}]},"3":{"line":17,"type":"binary-expr","locations":[{"start":{"line":17,"column":21},"end":{"line":17,"column":43}},{"start":{"line":17,"column":47},"end":{"line":17,"column":73}},{"start":{"line":17,"column":77},"end":{"line":17,"column":80}}]},"4":{"line":20,"type":"if","locations":[{"start":{"line":20,"column":2},"end":{"line":20,"column":2}},{"start":{"line":20,"column":2},"end":{"line":20,"column":2}}]},"5":{"line":21,"type":"if","locations":[{"start":{"line":21,"column":2},"end":{"line":21,"column":2}},{"start":{"line":21,"column":2},"end":{"line":21,"column":2}}]},"6":{"line":22,"type":"if","locations":[{"start":{"line":22,"column":2},"end":{"line":22,"column":2}},{"start":{"line":22,"column":2},"end":{"line":22,"column":2}}]},"7":{"line":23,"type":"if","locations":[{"start":{"line":23,"column":2},"end":{"line":23,"column":2}},{"start":{"line":23,"column":2},"end":{"line":23,"column":2}}]},"8":{"line":23,"type":"binary-expr","locations":[{"start":{"line":23,"column":6},"end":{"line":23,"column":23}},{"start":{"line":23,"column":27},"end":{"line":23,"column":43}}]}}},"/Users/ray/git/492/und-ims/api/api/responses/notFound.js":{"path":"/Users/ray/git/492/und-ims/api/api/responses/notFound.js","s":{"1":2,"2":2,"3":3,"4":3,"5":3},"b":{"1":[3,1]},"f":{"1":3},"fnMap":{"1":{"name":"(anonymous_1)","line":13,"loc":{"start":{"line":13,"column":17},"end":{"line":13,"column":41}}}},"statementMap":{"1":{"start":{"line":11,"column":0},"end":{"line":11,"column":28}},"2":{"start":{"line":13,"column":0},"end":{"line":22,"column":2}},"3":{"start":{"line":14,"column":2},"end":{"line":18,"column":32}},"4":{"start":{"line":20,"column":2},"end":{"line":20,"column":23}},"5":{"start":{"line":21,"column":2},"end":{"line":21,"column":27}}},"branchMap":{"1":{"line":17,"type":"binary-expr","locations":[{"start":{"line":17,"column":10},"end":{"line":17,"column":14}},{"start":{"line":17,"column":18},"end":{"line":17,"column":20}}]}}},"/Users/ray/git/492/und-ims/api/api/responses/ok.js":{"path":"/Users/ray/git/492/und-ims/api/api/responses/ok.js","s":{"1":2,"2":2,"3":4,"4":4,"5":4},"b":{"1":[4,1]},"f":{"1":4},"fnMap":{"1":{"name":"(anonymous_1)","line":14,"loc":{"start":{"line":14,"column":17},"end":{"line":14,"column":41}}}},"statementMap":{"1":{"start":{"line":12,"column":0},"end":{"line":12,"column":28}},"2":{"start":{"line":14,"column":0},"end":{"line":23,"column":2}},"3":{"start":{"line":15,"column":2},"end":{"line":19,"column":32}},"4":{"start":{"line":21,"column":2},"end":{"line":21,"column":23}},"5":{"start":{"line":22,"column":2},"end":{"line":22,"column":27}}},"branchMap":{"1":{"line":18,"type":"binary-expr","locations":[{"start":{"line":18,"column":10},"end":{"line":18,"column":14}},{"start":{"line":18,"column":18},"end":{"line":18,"column":20}}]}}},"/Users/ray/git/492/und-ims/api/api/responses/serverError.js":{"path":"/Users/ray/git/492/und-ims/api/api/responses/serverError.js","s":{"1":2,"2":2,"3":3,"4":3,"5":3},"b":{"1":[3,1]},"f":{"1":3},"fnMap":{"1":{"name":"(anonymous_1)","line":12,"loc":{"start":{"line":12,"column":17},"end":{"line":12,"column":41}}}},"statementMap":{"1":{"start":{"line":10,"column":0},"end":{"line":10,"column":28}},"2":{"start":{"line":12,"column":0},"end":{"line":21,"column":2}},"3":{"start":{"line":13,"column":2},"end":{"line":17,"column":32}},"4":{"start":{"line":19,"column":2},"end":{"line":19,"column":23}},"5":{"start":{"line":20,"column":2},"end":{"line":20,"column":27}}},"branchMap":{"1":{"line":16,"type":"binary-expr","locations":[{"start":{"line":16,"column":10},"end":{"line":16,"column":14}},{"start":{"line":16,"column":18},"end":{"line":16,"column":20}}]}}},"/Users/ray/git/492/und-ims/api/api/responses/unauthorized.js":{"path":"/Users/ray/git/492/und-ims/api/api/responses/unauthorized.js","s":{"1":2,"2":2,"3":3,"4":3,"5":3},"b":{"1":[3,1]},"f":{"1":3},"fnMap":{"1":{"name":"(anonymous_1)","line":13,"loc":{"start":{"line":13,"column":17},"end":{"line":13,"column":41}}}},"statementMap":{"1":{"start":{"line":11,"column":0},"end":{"line":11,"column":28}},"2":{"start":{"line":13,"column":0},"end":{"line":22,"column":2}},"3":{"start":{"line":14,"column":2},"end":{"line":18,"column":32}},"4":{"start":{"line":20,"column":2},"end":{"line":20,"column":23}},"5":{"start":{"line":21,"column":2},"end":{"line":21,"column":27}}},"branchMap":{"1":{"line":17,"type":"binary-expr","locations":[{"start":{"line":17,"column":10},"end":{"line":17,"column":14}},{"start":{"line":17,"column":18},"end":{"line":17,"column":20}}]}}},"/Users/ray/git/492/und-ims/api/api/services/CipherService.js":{"path":"/Users/ray/git/492/und-ims/api/api/services/CipherService.js","s":{"1":2,"2":2,"3":2},"b":{},"f":{},"fnMap":{},"statementMap":{"1":{"start":{"line":3,"column":0},"end":{"line":3,"column":47}},"2":{"start":{"line":4,"column":0},"end":{"line":4,"column":55}},"3":{"start":{"line":6,"column":0},"end":{"line":8,"column":2}}},"branchMap":{}},"/Users/ray/git/492/und-ims/api/config/services/cipher.js":{"path":"/Users/ray/git/492/und-ims/api/config/services/cipher.js","s":{"1":2},"b":{},"f":{},"fnMap":{},"statementMap":{"1":{"start":{"line":3,"column":0},"end":{"line":11,"column":2}}},"branchMap":{}},"/Users/ray/git/492/und-ims/api/api/services/HashService.js":{"path":"/Users/ray/git/492/und-ims/api/api/services/HashService.js","s":{"1":2,"2":2,"3":2},"b":{},"f":{},"fnMap":{},"statementMap":{"1":{"start":{"line":3,"column":0},"end":{"line":3,"column":43}},"2":{"start":{"line":4,"column":0},"end":{"line":4,"column":53}},"3":{"start":{"line":6,"column":0},"end":{"line":8,"column":2}}},"branchMap":{}},"/Users/ray/git/492/und-ims/api/config/services/hash.js":{"path":"/Users/ray/git/492/und-ims/api/config/services/hash.js","s":{"1":2},"b":{},"f":{},"fnMap":{},"statementMap":{"1":{"start":{"line":3,"column":0},"end":{"line":9,"column":2}}},"branchMap":{}},"/Users/ray/git/492/und-ims/api/config/blueprints.js":{"path":"/Users/ray/git/492/und-ims/api/config/blueprints.js","s":{"1":1},"b":{},"f":{},"fnMap":{},"statementMap":{"1":{"start":{"line":14,"column":0},"end":{"line":78,"column":2}}},"branchMap":{}},"/Users/ray/git/492/und-ims/api/config/bootstrap.js":{"path":"/Users/ray/git/492/und-ims/api/config/bootstrap.js","s":{"1":1,"2":1},"b":{},"f":{},"fnMap":{},"statementMap":{"1":{"start":{"line":9,"column":0},"end":{"line":11,"column":2}},"2":{"start":{"line":10,"column":19},"end":{"line":10,"column":23}}},"branchMap":{}},"/Users/ray/git/492/und-ims/api/config/connections.js":{"path":"/Users/ray/git/492/und-ims/api/config/connections.js","s":{"1":1},"b":{},"f":{},"fnMap":{},"statementMap":{"1":{"start":{"line":15,"column":0},"end":{"line":159,"column":2}}},"branchMap":{}},"/Users/ray/git/492/und-ims/api/config/cors.js":{"path":"/Users/ray/git/492/und-ims/api/config/cors.js","s":{"1":1},"b":{},"f":{},"fnMap":{},"statementMap":{"1":{"start":{"line":11,"column":0},"end":{"line":38,"column":2}}},"branchMap":{}},"/Users/ray/git/492/und-ims/api/config/cron.js":{"path":"/Users/ray/git/492/und-ims/api/config/cron.js","s":{"1":1},"b":{},"f":{},"fnMap":{},"statementMap":{"1":{"start":{"line":22,"column":0},"end":{"line":26,"column":2}}},"branchMap":{}},"/Users/ray/git/492/und-ims/api/config/errors.js":{"path":"/Users/ray/git/492/und-ims/api/config/errors.js","s":{"1":1},"b":{},"f":{},"fnMap":{},"statementMap":{"1":{"start":{"line":10,"column":0},"end":{"line":60,"column":2}}},"branchMap":{}},"/Users/ray/git/492/und-ims/api/config/globals.js":{"path":"/Users/ray/git/492/und-ims/api/config/globals.js","s":{"1":1},"b":{},"f":{},"fnMap":{},"statementMap":{"1":{"start":{"line":8,"column":0},"end":{"line":40,"column":2}}},"branchMap":{}},"/Users/ray/git/492/und-ims/api/config/http.js":{"path":"/Users/ray/git/492/und-ims/api/config/http.js","s":{"1":1,"2":0,"3":0},"b":{},"f":{},"fnMap":{},"statementMap":{"1":{"start":{"line":8,"column":0},"end":{"line":86,"column":2}},"2":{"start":{"line":67,"column":8},"end":{"line":67,"column":44}},"3":{"start":{"line":68,"column":8},"end":{"line":68,"column":15}}},"branchMap":{}},"/Users/ray/git/492/und-ims/api/config/log.js":{"path":"/Users/ray/git/492/und-ims/api/config/log.js","s":{"1":1},"b":{},"f":{},"fnMap":{},"statementMap":{"1":{"start":{"line":12,"column":0},"end":{"line":21,"column":2}}},"branchMap":{}},"/Users/ray/git/492/und-ims/api/config/models.js":{"path":"/Users/ray/git/492/und-ims/api/config/models.js","s":{"1":1},"b":{},"f":{},"fnMap":{},"statementMap":{"1":{"start":{"line":9,"column":0},"end":{"line":24,"column":2}}},"branchMap":{}},"/Users/ray/git/492/und-ims/api/config/passport.js":{"path":"/Users/ray/git/492/und-ims/api/config/passport.js","s":{"1":1,"2":1,"3":1,"4":1,"5":1,"6":1,"7":1,"8":1,"9":1,"10":1,"11":1,"12":1,"13":1,"14":1,"15":1,"16":1,"17":1,"18":1,"19":1,"20":1,"21":1,"22":1,"23":1,"24":1,"25":0,"26":0,"27":0,"28":0,"29":0,"30":0,"31":1,"32":0,"33":0,"34":0,"35":0,"36":1,"37":0,"38":0,"39":0,"40":0,"41":0,"42":0,"43":0,"44":0,"45":0,"46":0,"47":0,"48":1,"49":0,"50":0,"51":0,"52":1,"53":1,"54":1,"55":1,"56":1,"57":1,"58":1,"59":1,"60":1,"61":1,"62":1,"63":1,"64":1,"65":1,"66":1,"67":1,"68":1},"b":{"1":[0,0],"2":[0,0],"3":[0,0],"4":[0,0],"5":[0,0,0],"6":[0,0,0],"7":[0,0,0],"8":[0,0,0],"9":[0,0,0],"10":[0,0],"11":[0,0],"12":[0,0],"13":[0,0]},"f":{"1":0},"fnMap":{"1":{"name":"(anonymous_1)","line":153,"loc":{"start":{"line":153,"column":18},"end":{"line":153,"column":48}}}},"statementMap":{"1":{"start":{"line":8,"column":0},"end":{"line":8,"column":28}},"2":{"start":{"line":9,"column":0},"end":{"line":9,"column":37}},"3":{"start":{"line":10,"column":0},"end":{"line":10,"column":57}},"4":{"start":{"line":11,"column":0},"end":{"line":11,"column":53}},"5":{"start":{"line":12,"column":0},"end":{"line":12,"column":54}},"6":{"start":{"line":13,"column":0},"end":{"line":13,"column":65}},"7":{"start":{"line":14,"column":0},"end":{"line":14,"column":63}},"8":{"start":{"line":15,"column":0},"end":{"line":15,"column":67}},"9":{"start":{"line":16,"column":0},"end":{"line":16,"column":69}},"10":{"start":{"line":17,"column":0},"end":{"line":17,"column":61}},"11":{"start":{"line":18,"column":0},"end":{"line":18,"column":67}},"12":{"start":{"line":19,"column":0},"end":{"line":19,"column":61}},"13":{"start":{"line":20,"column":0},"end":{"line":20,"column":61}},"14":{"start":{"line":21,"column":0},"end":{"line":21,"column":69}},"15":{"start":{"line":22,"column":0},"end":{"line":22,"column":72}},"16":{"start":{"line":23,"column":0},"end":{"line":23,"column":61}},"17":{"start":{"line":24,"column":0},"end":{"line":24,"column":61}},"18":{"start":{"line":25,"column":0},"end":{"line":25,"column":61}},"19":{"start":{"line":26,"column":0},"end":{"line":26,"column":70}},"20":{"start":{"line":27,"column":0},"end":{"line":27,"column":59}},"21":{"start":{"line":34,"column":0},"end":{"line":39,"column":2}},"22":{"start":{"line":46,"column":0},"end":{"line":53,"column":2}},"23":{"start":{"line":60,"column":0},"end":{"line":66,"column":2}},"24":{"start":{"line":76,"column":0},"end":{"line":85,"column":2}},"25":{"start":{"line":77,"column":2},"end":{"line":84,"column":17}},"26":{"start":{"line":80,"column":6},"end":{"line":80,"column":77}},"27":{"start":{"line":80,"column":17},"end":{"line":80,"column":77}},"28":{"start":{"line":81,"column":6},"end":{"line":81,"column":128}},"29":{"start":{"line":81,"column":68},"end":{"line":81,"column":128}},"30":{"start":{"line":82,"column":6},"end":{"line":82,"column":34}},"31":{"start":{"line":94,"column":0},"end":{"line":102,"column":2}},"32":{"start":{"line":95,"column":2},"end":{"line":101,"column":17}},"33":{"start":{"line":98,"column":6},"end":{"line":98,"column":77}},"34":{"start":{"line":98,"column":17},"end":{"line":98,"column":77}},"35":{"start":{"line":99,"column":6},"end":{"line":99,"column":34}},"36":{"start":{"line":113,"column":0},"end":{"line":139,"column":2}},"37":{"start":{"line":114,"column":2},"end":{"line":138,"column":3}},"38":{"start":{"line":115,"column":4},"end":{"line":115,"column":22}},"39":{"start":{"line":116,"column":4},"end":{"line":116,"column":72}},"40":{"start":{"line":118,"column":4},"end":{"line":125,"column":6}},"41":{"start":{"line":126,"column":4},"end":{"line":126,"column":59}},"42":{"start":{"line":128,"column":4},"end":{"line":134,"column":19}},"43":{"start":{"line":131,"column":8},"end":{"line":131,"column":76}},"44":{"start":{"line":131,"column":19},"end":{"line":131,"column":76}},"45":{"start":{"line":132,"column":8},"end":{"line":132,"column":36}},"46":{"start":{"line":136,"column":4},"end":{"line":136,"column":62}},"47":{"start":{"line":137,"column":4},"end":{"line":137,"column":24}},"48":{"start":{"line":141,"column":0},"end":{"line":162,"column":2}},"49":{"start":{"line":154,"column":6},"end":{"line":154,"column":62}},"50":{"start":{"line":154,"column":26},"end":{"line":154,"column":62}},"51":{"start":{"line":156,"column":6},"end":{"line":159,"column":9}},"52":{"start":{"line":164,"column":0},"end":{"line":164,"column":91}},"53":{"start":{"line":165,"column":0},"end":{"line":165,"column":85}},"54":{"start":{"line":166,"column":0},"end":{"line":166,"column":101}},"55":{"start":{"line":167,"column":0},"end":{"line":167,"column":100}},"56":{"start":{"line":168,"column":0},"end":{"line":168,"column":102}},"57":{"start":{"line":169,"column":0},"end":{"line":169,"column":103}},"58":{"start":{"line":170,"column":0},"end":{"line":170,"column":99}},"59":{"start":{"line":171,"column":0},"end":{"line":171,"column":102}},"60":{"start":{"line":172,"column":0},"end":{"line":172,"column":99}},"61":{"start":{"line":173,"column":0},"end":{"line":173,"column":99}},"62":{"start":{"line":174,"column":0},"end":{"line":174,"column":103}},"63":{"start":{"line":175,"column":0},"end":{"line":175,"column":104}},"64":{"start":{"line":176,"column":0},"end":{"line":176,"column":99}},"65":{"start":{"line":177,"column":0},"end":{"line":177,"column":99}},"66":{"start":{"line":178,"column":0},"end":{"line":178,"column":99}},"67":{"start":{"line":179,"column":0},"end":{"line":179,"column":103}},"68":{"start":{"line":180,"column":0},"end":{"line":180,"column":98}}},"branchMap":{"1":{"line":80,"type":"if","locations":[{"start":{"line":80,"column":6},"end":{"line":80,"column":6}},{"start":{"line":80,"column":6},"end":{"line":80,"column":6}}]},"2":{"line":81,"type":"if","locations":[{"start":{"line":81,"column":6},"end":{"line":81,"column":6}},{"start":{"line":81,"column":6},"end":{"line":81,"column":6}}]},"3":{"line":98,"type":"if","locations":[{"start":{"line":98,"column":6},"end":{"line":98,"column":6}},{"start":{"line":98,"column":6},"end":{"line":98,"column":6}}]},"4":{"line":114,"type":"if","locations":[{"start":{"line":114,"column":2},"end":{"line":114,"column":2}},{"start":{"line":114,"column":2},"end":{"line":114,"column":2}}]},"5":{"line":119,"type":"binary-expr","locations":[{"start":{"line":119,"column":16},"end":{"line":119,"column":32}},{"start":{"line":119,"column":36},"end":{"line":119,"column":55}},{"start":{"line":119,"column":59},"end":{"line":119,"column":61}}]},"6":{"line":120,"type":"binary-expr","locations":[{"start":{"line":120,"column":14},"end":{"line":120,"column":31}},{"start":{"line":120,"column":35},"end":{"line":120,"column":58}},{"start":{"line":120,"column":63},"end":{"line":120,"column":65}}]},"7":{"line":121,"type":"binary-expr","locations":[{"start":{"line":121,"column":18},"end":{"line":121,"column":30}},{"start":{"line":121,"column":34},"end":{"line":121,"column":56}},{"start":{"line":121,"column":61},"end":{"line":121,"column":63}}]},"8":{"line":122,"type":"binary-expr","locations":[{"start":{"line":122,"column":17},"end":{"line":122,"column":29}},{"start":{"line":122,"column":33},"end":{"line":122,"column":56}},{"start":{"line":122,"column":61},"end":{"line":122,"column":63}}]},"9":{"line":123,"type":"binary-expr","locations":[{"start":{"line":123,"column":14},"end":{"line":123,"column":31}},{"start":{"line":123,"column":35},"end":{"line":123,"column":58}},{"start":{"line":123,"column":63},"end":{"line":123,"column":65}}]},"10":{"line":131,"type":"if","locations":[{"start":{"line":131,"column":8},"end":{"line":131,"column":8}},{"start":{"line":131,"column":8},"end":{"line":131,"column":8}}]},"11":{"line":154,"type":"if","locations":[{"start":{"line":154,"column":6},"end":{"line":154,"column":6}},{"start":{"line":154,"column":6},"end":{"line":154,"column":6}}]},"12":{"line":154,"type":"binary-expr","locations":[{"start":{"line":154,"column":10},"end":{"line":154,"column":15}},{"start":{"line":154,"column":19},"end":{"line":154,"column":24}}]},"13":{"line":154,"type":"binary-expr","locations":[{"start":{"line":154,"column":47},"end":{"line":154,"column":52}},{"start":{"line":154,"column":56},"end":{"line":154,"column":60}}]}}},"/Users/ray/git/492/und-ims/api/config/policies.js":{"path":"/Users/ray/git/492/und-ims/api/config/policies.js","s":{"1":1},"b":{},"f":{},"fnMap":{},"statementMap":{"1":{"start":{"line":14,"column":0},"end":{"line":22,"column":2}}},"branchMap":{}},"/Users/ray/git/492/und-ims/api/config/routes.js":{"path":"/Users/ray/git/492/und-ims/api/config/routes.js","s":{"1":1},"b":{},"f":{},"fnMap":{},"statementMap":{"1":{"start":{"line":9,"column":0},"end":{"line":11,"column":2}}},"branchMap":{}},"/Users/ray/git/492/und-ims/api/config/env/development.js":{"path":"/Users/ray/git/492/und-ims/api/config/env/development.js","s":{"1":1},"b":{},"f":{},"fnMap":{},"statementMap":{"1":{"start":{"line":8,"column":0},"end":{"line":16,"column":2}}},"branchMap":{}},"/Users/ray/git/492/und-ims/api/api/hooks/CountHook.js":{"path":"/Users/ray/git/492/und-ims/api/api/hooks/CountHook.js","s":{"1":1,"2":1,"3":1,"4":1,"5":0,"6":0,"7":0,"8":0,"9":1,"10":1,"11":1,"12":1,"13":1,"14":1,"15":1,"16":1,"17":0,"18":1,"19":1,"20":1,"21":1,"22":1,"23":1},"b":{"1":[1,1],"2":[0,1],"3":[1,0],"4":[1,1]},"f":{},"fnMap":{},"statementMap":{"1":{"start":{"line":7,"column":0},"end":{"line":7,"column":28}},"2":{"start":{"line":8,"column":0},"end":{"line":8,"column":68}},"3":{"start":{"line":9,"column":0},"end":{"line":9,"column":39}},"4":{"start":{"line":11,"column":0},"end":{"line":16,"column":2}},"5":{"start":{"line":12,"column":2},"end":{"line":12,"column":43}},"6":{"start":{"line":13,"column":2},"end":{"line":13,"column":35}},"7":{"start":{"line":15,"column":2},"end":{"line":15,"column":44}},"8":{"start":{"line":15,"column":27},"end":{"line":15,"column":42}},"9":{"start":{"line":18,"column":0},"end":{"line":46,"column":2}},"10":{"start":{"line":19,"column":2},"end":{"line":45,"column":3}},"11":{"start":{"line":21,"column":6},"end":{"line":21,"column":45}},"12":{"start":{"line":22,"column":6},"end":{"line":22,"column":91}},"13":{"start":{"line":24,"column":6},"end":{"line":41,"column":9}},"14":{"start":{"line":25,"column":8},"end":{"line":39,"column":11}},"15":{"start":{"line":26,"column":10},"end":{"line":26,"column":74}},"16":{"start":{"line":28,"column":10},"end":{"line":28,"column":34}},"17":{"start":{"line":28,"column":27},"end":{"line":28,"column":34}},"18":{"start":{"line":30,"column":10},"end":{"line":30,"column":68}},"19":{"start":{"line":32,"column":10},"end":{"line":34,"column":11}},"20":{"start":{"line":33,"column":12},"end":{"line":33,"column":45}},"21":{"start":{"line":36,"column":10},"end":{"line":36,"column":45}},"22":{"start":{"line":38,"column":10},"end":{"line":38,"column":80}},"23":{"start":{"line":43,"column":6},"end":{"line":43,"column":11}}},"branchMap":{"1":{"line":22,"type":"binary-expr","locations":[{"start":{"line":22,"column":22},"end":{"line":22,"column":65}},{"start":{"line":22,"column":69},"end":{"line":22,"column":90}}]},"2":{"line":28,"type":"if","locations":[{"start":{"line":28,"column":10},"end":{"line":28,"column":10}},{"start":{"line":28,"column":10},"end":{"line":28,"column":10}}]},"3":{"line":32,"type":"if","locations":[{"start":{"line":32,"column":10},"end":{"line":32,"column":10}},{"start":{"line":32,"column":10},"end":{"line":32,"column":10}}]},"4":{"line":32,"type":"binary-expr","locations":[{"start":{"line":32,"column":14},"end":{"line":32,"column":30}},{"start":{"line":32,"column":34},"end":{"line":32,"column":78}}]}}},"/Users/ray/git/492/und-ims/api/api/hooks/PluralizeHook.js":{"path":"/Users/ray/git/492/und-ims/api/api/hooks/PluralizeHook.js","s":{"1":1,"2":1,"3":1,"4":1,"5":1,"6":0,"7":1,"8":4,"9":3,"10":1},"b":{"1":[0,1],"2":[3,1],"3":[4,3]},"f":{},"fnMap":{},"statementMap":{"1":{"start":{"line":8,"column":0},"end":{"line":8,"column":28}},"2":{"start":{"line":10,"column":0},"end":{"line":26,"column":2}},"3":{"start":{"line":11,"column":2},"end":{"line":25,"column":3}},"4":{"start":{"line":13,"column":6},"end":{"line":21,"column":9}},"5":{"start":{"line":14,"column":8},"end":{"line":14,"column":65}},"6":{"start":{"line":14,"column":58},"end":{"line":14,"column":65}},"7":{"start":{"line":16,"column":8},"end":{"line":20,"column":11}},"8":{"start":{"line":17,"column":10},"end":{"line":19,"column":11}},"9":{"start":{"line":18,"column":12},"end":{"line":18,"column":58}},"10":{"start":{"line":23,"column":6},"end":{"line":23,"column":11}}},"branchMap":{"1":{"line":14,"type":"if","locations":[{"start":{"line":14,"column":8},"end":{"line":14,"column":8}},{"start":{"line":14,"column":8},"end":{"line":14,"column":8}}]},"2":{"line":17,"type":"if","locations":[{"start":{"line":17,"column":10},"end":{"line":17,"column":10}},{"start":{"line":17,"column":10},"end":{"line":17,"column":10}}]},"3":{"line":17,"type":"binary-expr","locations":[{"start":{"line":17,"column":14},"end":{"line":17,"column":47}},{"start":{"line":17,"column":51},"end":{"line":17,"column":97}}]}}},"/Users/ray/git/492/und-ims/api/api/models/User.js":{"path":"/Users/ray/git/492/und-ims/api/api/models/User.js","s":{"1":1,"2":0,"3":0,"4":0,"5":1,"6":0,"7":1,"8":0,"9":1,"10":1,"11":1,"12":1,"13":0,"14":1,"15":1,"16":1},"b":{"1":[0,1],"2":[0,1],"3":[0,1]},"f":{"1":0,"2":1,"3":1},"fnMap":{"1":{"name":"(anonymous_1)","line":52,"loc":{"start":{"line":52,"column":10},"end":{"line":52,"column":13}}},"2":{"name":"(anonymous_2)","line":61,"loc":{"start":{"line":61,"column":14},"end":{"line":61,"column":29}}},"3":{"name":"(anonymous_3)","line":73,"loc":{"start":{"line":73,"column":14},"end":{"line":73,"column":29}}}},"statementMap":{"1":{"start":{"line":8,"column":0},"end":{"line":83,"column":2}},"2":{"start":{"line":53,"column":6},"end":{"line":53,"column":32}},"3":{"start":{"line":55,"column":6},"end":{"line":55,"column":26}},"4":{"start":{"line":57,"column":6},"end":{"line":57,"column":17}},"5":{"start":{"line":62,"column":4},"end":{"line":62,"column":67}},"6":{"start":{"line":62,"column":53},"end":{"line":62,"column":67}},"7":{"start":{"line":63,"column":4},"end":{"line":63,"column":75}},"8":{"start":{"line":63,"column":61},"end":{"line":63,"column":75}},"9":{"start":{"line":65,"column":4},"end":{"line":70,"column":19}},"10":{"start":{"line":67,"column":8},"end":{"line":67,"column":31}},"11":{"start":{"line":68,"column":8},"end":{"line":68,"column":15}},"12":{"start":{"line":74,"column":4},"end":{"line":74,"column":67}},"13":{"start":{"line":74,"column":53},"end":{"line":74,"column":67}},"14":{"start":{"line":76,"column":4},"end":{"line":81,"column":19}},"15":{"start":{"line":78,"column":8},"end":{"line":78,"column":31}},"16":{"start":{"line":79,"column":8},"end":{"line":79,"column":15}}},"branchMap":{"1":{"line":62,"type":"if","locations":[{"start":{"line":62,"column":4},"end":{"line":62,"column":4}},{"start":{"line":62,"column":4},"end":{"line":62,"column":4}}]},"2":{"line":63,"type":"if","locations":[{"start":{"line":63,"column":4},"end":{"line":63,"column":4}},{"start":{"line":63,"column":4},"end":{"line":63,"column":4}}]},"3":{"line":74,"type":"if","locations":[{"start":{"line":74,"column":4},"end":{"line":74,"column":4}},{"start":{"line":74,"column":4},"end":{"line":74,"column":4}}]}}},"/Users/ray/git/492/und-ims/api/api/blueprints/add.js":{"path":"/Users/ray/git/492/und-ims/api/api/blueprints/add.js","s":{"1":1},"b":{},"f":{},"fnMap":{},"statementMap":{"1":{"start":{"line":13,"column":0},"end":{"line":13,"column":67}}},"branchMap":{}},"/Users/ray/git/492/und-ims/api/api/blueprints/create.js":{"path":"/Users/ray/git/492/und-ims/api/api/blueprints/create.js","s":{"1":1,"2":1,"3":1,"4":0,"5":0,"6":0},"b":{},"f":{},"fnMap":{},"statementMap":{"1":{"start":{"line":3,"column":0},"end":{"line":3,"column":28}},"2":{"start":{"line":4,"column":0},"end":{"line":4,"column":68}},"3":{"start":{"line":12,"column":0},"end":{"line":20,"column":2}},"4":{"start":{"line":13,"column":2},"end":{"line":13,"column":43}},"5":{"start":{"line":14,"column":2},"end":{"line":14,"column":45}},"6":{"start":{"line":16,"column":2},"end":{"line":19,"column":26}}},"branchMap":{}},"/Users/ray/git/492/und-ims/api/api/blueprints/destroy.js":{"path":"/Users/ray/git/492/und-ims/api/api/blueprints/destroy.js","s":{"1":1,"2":1,"3":0,"4":0,"5":0,"6":0},"b":{"1":[0,0]},"f":{},"fnMap":{},"statementMap":{"1":{"start":{"line":3,"column":0},"end":{"line":3,"column":68}},"2":{"start":{"line":11,"column":0},"end":{"line":19,"column":2}},"3":{"start":{"line":12,"column":2},"end":{"line":12,"column":43}},"4":{"start":{"line":13,"column":2},"end":{"line":13,"column":39}},"5":{"start":{"line":15,"column":2},"end":{"line":18,"column":26}},"6":{"start":{"line":17,"column":21},"end":{"line":17,"column":69}}},"branchMap":{"1":{"line":17,"type":"cond-expr","locations":[{"start":{"line":17,"column":34},"end":{"line":17,"column":52}},{"start":{"line":17,"column":55},"end":{"line":17,"column":69}}]}}},"/Users/ray/git/492/und-ims/api/api/blueprints/find.js":{"path":"/Users/ray/git/492/und-ims/api/api/blueprints/find.js","s":{"1":1,"2":1,"3":1,"4":0,"5":1,"6":0,"7":1,"8":0,"9":0,"10":0,"11":0,"12":0,"13":0,"14":0,"15":0,"16":0,"17":0,"18":0,"19":0},"b":{"1":[0,0],"2":[0,0],"3":[0,0],"4":[0,0]},"f":{},"fnMap":{},"statementMap":{"1":{"start":{"line":3,"column":0},"end":{"line":3,"column":28}},"2":{"start":{"line":4,"column":0},"end":{"line":4,"column":68}},"3":{"start":{"line":6,"column":0},"end":{"line":6,"column":58}},"4":{"start":{"line":6,"column":46},"end":{"line":6,"column":56}},"5":{"start":{"line":7,"column":0},"end":{"line":7,"column":62}},"6":{"start":{"line":7,"column":40},"end":{"line":7,"column":61}},"7":{"start":{"line":16,"column":0},"end":{"line":41,"column":2}},"8":{"start":{"line":17,"column":2},"end":{"line":17,"column":100}},"9":{"start":{"line":19,"column":2},"end":{"line":19,"column":93}},"10":{"start":{"line":20,"column":2},"end":{"line":20,"column":99}},"11":{"start":{"line":21,"column":2},"end":{"line":21,"column":43}},"12":{"start":{"line":22,"column":2},"end":{"line":22,"column":46}},"13":{"start":{"line":23,"column":2},"end":{"line":23,"column":43}},"14":{"start":{"line":24,"column":2},"end":{"line":24,"column":70}},"15":{"start":{"line":25,"column":2},"end":{"line":25,"column":41}},"16":{"start":{"line":26,"column":2},"end":{"line":26,"column":126}},"17":{"start":{"line":27,"column":2},"end":{"line":27,"column":108}},"18":{"start":{"line":29,"column":2},"end":{"line":40,"column":26}},"19":{"start":{"line":30,"column":21},"end":{"line":38,"column":6}}},"branchMap":{"1":{"line":19,"type":"cond-expr","locations":[{"start":{"line":19,"column":39},"end":{"line":19,"column":87}},{"start":{"line":19,"column":90},"end":{"line":19,"column":92}}]},"2":{"line":20,"type":"cond-expr","locations":[{"start":{"line":20,"column":43},"end":{"line":20,"column":93}},{"start":{"line":20,"column":96},"end":{"line":20,"column":98}}]},"3":{"line":24,"type":"binary-expr","locations":[{"start":{"line":24,"column":15},"end":{"line":24,"column":40}},{"start":{"line":24,"column":44},"end":{"line":24,"column":69}}]},"4":{"line":26,"type":"cond-expr","locations":[{"start":{"line":26,"column":53},"end":{"line":26,"column":69}},{"start":{"line":26,"column":72},"end":{"line":26,"column":76}}]}}},"/Users/ray/git/492/und-ims/api/api/blueprints/findone.js":{"path":"/Users/ray/git/492/und-ims/api/api/blueprints/findone.js","s":{"1":1,"2":1,"3":1,"4":0,"5":1,"6":0,"7":1,"8":0,"9":0,"10":0,"11":0,"12":0,"13":0,"14":0,"15":0,"16":0},"b":{"1":[0,0],"2":[0,0],"3":[0,0],"4":[0,0]},"f":{},"fnMap":{},"statementMap":{"1":{"start":{"line":3,"column":0},"end":{"line":3,"column":28}},"2":{"start":{"line":4,"column":0},"end":{"line":4,"column":68}},"3":{"start":{"line":6,"column":0},"end":{"line":6,"column":60}},"4":{"start":{"line":6,"column":48},"end":{"line":6,"column":58}},"5":{"start":{"line":7,"column":0},"end":{"line":7,"column":64}},"6":{"start":{"line":7,"column":42},"end":{"line":7,"column":63}},"7":{"start":{"line":15,"column":0},"end":{"line":28,"column":2}},"8":{"start":{"line":16,"column":2},"end":{"line":16,"column":100}},"9":{"start":{"line":18,"column":2},"end":{"line":18,"column":93}},"10":{"start":{"line":19,"column":2},"end":{"line":19,"column":99}},"11":{"start":{"line":20,"column":2},"end":{"line":20,"column":43}},"12":{"start":{"line":21,"column":2},"end":{"line":21,"column":39}},"13":{"start":{"line":22,"column":2},"end":{"line":22,"column":76}},"14":{"start":{"line":23,"column":2},"end":{"line":23,"column":112}},"15":{"start":{"line":25,"column":2},"end":{"line":27,"column":26}},"16":{"start":{"line":26,"column":20},"end":{"line":26,"column":66}}},"branchMap":{"1":{"line":18,"type":"cond-expr","locations":[{"start":{"line":18,"column":39},"end":{"line":18,"column":87}},{"start":{"line":18,"column":90},"end":{"line":18,"column":92}}]},"2":{"line":19,"type":"cond-expr","locations":[{"start":{"line":19,"column":43},"end":{"line":19,"column":93}},{"start":{"line":19,"column":96},"end":{"line":19,"column":98}}]},"3":{"line":22,"type":"cond-expr","locations":[{"start":{"line":22,"column":51},"end":{"line":22,"column":67}},{"start":{"line":22,"column":70},"end":{"line":22,"column":74}}]},"4":{"line":26,"type":"cond-expr","locations":[{"start":{"line":26,"column":32},"end":{"line":26,"column":49}},{"start":{"line":26,"column":52},"end":{"line":26,"column":66}}]}}},"/Users/ray/git/492/und-ims/api/api/blueprints/populate.js":{"path":"/Users/ray/git/492/und-ims/api/api/blueprints/populate.js","s":{"1":1},"b":{},"f":{},"fnMap":{},"statementMap":{"1":{"start":{"line":9,"column":0},"end":{"line":9,"column":72}}},"branchMap":{}},"/Users/ray/git/492/und-ims/api/api/blueprints/remove.js":{"path":"/Users/ray/git/492/und-ims/api/api/blueprints/remove.js","s":{"1":1},"b":{},"f":{},"fnMap":{},"statementMap":{"1":{"start":{"line":8,"column":0},"end":{"line":8,"column":70}}},"branchMap":{}},"/Users/ray/git/492/und-ims/api/api/blueprints/update.js":{"path":"/Users/ray/git/492/und-ims/api/api/blueprints/update.js","s":{"1":1,"2":1,"3":1,"4":0,"5":0,"6":0,"7":0,"8":0},"b":{"1":[0,0]},"f":{},"fnMap":{},"statementMap":{"1":{"start":{"line":3,"column":0},"end":{"line":3,"column":28}},"2":{"start":{"line":4,"column":0},"end":{"line":4,"column":68}},"3":{"start":{"line":12,"column":0},"end":{"line":21,"column":2}},"4":{"start":{"line":13,"column":2},"end":{"line":13,"column":43}},"5":{"start":{"line":14,"column":2},"end":{"line":14,"column":39}},"6":{"start":{"line":15,"column":2},"end":{"line":15,"column":45}},"7":{"start":{"line":17,"column":2},"end":{"line":20,"column":26}},"8":{"start":{"line":19,"column":21},"end":{"line":19,"column":69}}},"branchMap":{"1":{"line":19,"type":"cond-expr","locations":[{"start":{"line":19,"column":34},"end":{"line":19,"column":52}},{"start":{"line":19,"column":55},"end":{"line":19,"column":69}}]}}},"/Users/ray/git/492/und-ims/api/api/controllers/AuthController.js":{"path":"/Users/ray/git/492/und-ims/api/api/controllers/AuthController.js","s":{"1":1,"2":1,"3":1,"4":0,"5":0,"6":0,"7":0,"8":0,"9":0,"10":0,"11":0,"12":0,"13":0,"14":0,"15":0,"16":0,"17":0,"18":0},"b":{"1":[0,0],"2":[0,0],"3":[0,0]},"f":{"1":0,"2":0,"3":0,"4":0},"fnMap":{"1":{"name":"(anonymous_1)","line":17,"loc":{"start":{"line":17,"column":8},"end":{"line":17,"column":19}}},"2":{"name":"(anonymous_2)","line":26,"loc":{"start":{"line":26,"column":8},"end":{"line":26,"column":19}}},"3":{"name":"(anonymous_3)","line":43,"loc":{"start":{"line":43,"column":8},"end":{"line":43,"column":19}}},"4":{"name":"(anonymous_4)","line":62,"loc":{"start":{"line":62,"column":15},"end":{"line":62,"column":26}}}},"statementMap":{"1":{"start":{"line":8,"column":0},"end":{"line":8,"column":28}},"2":{"start":{"line":9,"column":0},"end":{"line":9,"column":37}},"3":{"start":{"line":11,"column":0},"end":{"line":71,"column":2}},"4":{"start":{"line":18,"column":4},"end":{"line":18,"column":104}},"5":{"start":{"line":27,"column":4},"end":{"line":27,"column":49}},"6":{"start":{"line":29,"column":4},"end":{"line":35,"column":28}},"7":{"start":{"line":32,"column":8},"end":{"line":32,"column":79}},"8":{"start":{"line":44,"column":4},"end":{"line":44,"column":75}},"9":{"start":{"line":45,"column":4},"end":{"line":45,"column":51}},"10":{"start":{"line":47,"column":4},"end":{"line":49,"column":5}},"11":{"start":{"line":48,"column":6},"end":{"line":48,"column":83}},"12":{"start":{"line":51,"column":4},"end":{"line":54,"column":17}},"13":{"start":{"line":52,"column":6},"end":{"line":52,"column":22}},"14":{"start":{"line":53,"column":6},"end":{"line":53,"column":111}},"15":{"start":{"line":63,"column":4},"end":{"line":63,"column":104}},"16":{"start":{"line":63,"column":29},"end":{"line":63,"column":104}},"17":{"start":{"line":65,"column":4},"end":{"line":65,"column":72}},"18":{"start":{"line":67,"column":4},"end":{"line":69,"column":7}}},"branchMap":{"1":{"line":44,"type":"cond-expr","locations":[{"start":{"line":44,"column":37},"end":{"line":44,"column":68}},{"start":{"line":44,"column":71},"end":{"line":44,"column":74}}]},"2":{"line":47,"type":"if","locations":[{"start":{"line":47,"column":4},"end":{"line":47,"column":4}},{"start":{"line":47,"column":4},"end":{"line":47,"column":4}}]},"3":{"line":63,"type":"if","locations":[{"start":{"line":63,"column":4},"end":{"line":63,"column":4}},{"start":{"line":63,"column":4},"end":{"line":63,"column":4}}]}}},"/Users/ray/git/492/und-ims/api/api/controllers/PingController.js":{"path":"/Users/ray/git/492/und-ims/api/api/controllers/PingController.js","s":{"1":1,"2":1},"b":{},"f":{"1":1},"fnMap":{"1":{"name":"(anonymous_1)","line":9,"loc":{"start":{"line":9,"column":7},"end":{"line":9,"column":18}}}},"statementMap":{"1":{"start":{"line":8,"column":0},"end":{"line":12,"column":2}},"2":{"start":{"line":10,"column":4},"end":{"line":10,"column":65}}},"branchMap":{}},"/Users/ray/git/492/und-ims/api/api/controllers/SearchController.js":{"path":"/Users/ray/git/492/und-ims/api/api/controllers/SearchController.js","s":{"1":1,"2":1,"3":1,"4":1,"5":1,"6":0,"7":0,"8":0,"9":0,"10":0,"11":0,"12":0,"13":0,"14":0,"15":0,"16":0},"b":{"1":[0,0],"2":[0,0],"3":[0,0]},"f":{"1":0},"fnMap":{"1":{"name":"(anonymous_1)","line":15,"loc":{"start":{"line":15,"column":7},"end":{"line":15,"column":18}}}},"statementMap":{"1":{"start":{"line":8,"column":0},"end":{"line":8,"column":28}},"2":{"start":{"line":9,"column":0},"end":{"line":9,"column":36}},"3":{"start":{"line":11,"column":0},"end":{"line":11,"column":58}},"4":{"start":{"line":12,"column":0},"end":{"line":12,"column":64}},"5":{"start":{"line":14,"column":0},"end":{"line":33,"column":2}},"6":{"start":{"line":16,"column":4},"end":{"line":16,"column":29}},"7":{"start":{"line":17,"column":4},"end":{"line":17,"column":90}},"8":{"start":{"line":17,"column":12},"end":{"line":17,"column":90}},"9":{"start":{"line":19,"column":4},"end":{"line":19,"column":76}},"10":{"start":{"line":21,"column":4},"end":{"line":31,"column":28}},"11":{"start":{"line":22,"column":8},"end":{"line":22,"column":46}},"12":{"start":{"line":24,"column":8},"end":{"line":24,"column":31}},"13":{"start":{"line":24,"column":20},"end":{"line":24,"column":31}},"14":{"start":{"line":26,"column":8},"end":{"line":26,"column":131}},"15":{"start":{"line":26,"column":74},"end":{"line":26,"column":119}},"16":{"start":{"line":28,"column":8},"end":{"line":28,"column":81}}},"branchMap":{"1":{"line":17,"type":"if","locations":[{"start":{"line":17,"column":4},"end":{"line":17,"column":4}},{"start":{"line":17,"column":4},"end":{"line":17,"column":4}}]},"2":{"line":19,"type":"binary-expr","locations":[{"start":{"line":19,"column":19},"end":{"line":19,"column":51}},{"start":{"line":19,"column":55},"end":{"line":19,"column":75}}]},"3":{"line":24,"type":"if","locations":[{"start":{"line":24,"column":8},"end":{"line":24,"column":8}},{"start":{"line":24,"column":8},"end":{"line":24,"column":8}}]}}},"/Users/ray/git/492/und-ims/api/api/controllers/UserController.js":{"path":"/Users/ray/git/492/und-ims/api/api/controllers/UserController.js","s":{"1":1},"b":{},"f":{},"fnMap":{},"statementMap":{"1":{"start":{"line":8,"column":0},"end":{"line":8,"column":20}}},"branchMap":{}},"/Users/ray/git/492/und-ims/api/api/policies/isAuthenticated.js":{"path":"/Users/ray/git/492/und-ims/api/api/policies/isAuthenticated.js","s":{"1":1,"2":1,"3":0,"4":0,"5":0,"6":0,"7":0},"b":{"1":[0,0],"2":[0,0],"3":[0,0]},"f":{},"fnMap":{},"statementMap":{"1":{"start":{"line":8,"column":0},"end":{"line":8,"column":37}},"2":{"start":{"line":10,"column":0},"end":{"line":18,"column":2}},"3":{"start":{"line":11,"column":2},"end":{"line":17,"column":15}},"4":{"start":{"line":12,"column":4},"end":{"line":12,"column":60}},"5":{"start":{"line":12,"column":24},"end":{"line":12,"column":60}},"6":{"start":{"line":14,"column":4},"end":{"line":14,"column":20}},"7":{"start":{"line":16,"column":4},"end":{"line":16,"column":11}}},"branchMap":{"1":{"line":12,"type":"if","locations":[{"start":{"line":12,"column":4},"end":{"line":12,"column":4}},{"start":{"line":12,"column":4},"end":{"line":12,"column":4}}]},"2":{"line":12,"type":"binary-expr","locations":[{"start":{"line":12,"column":8},"end":{"line":12,"column":13}},{"start":{"line":12,"column":17},"end":{"line":12,"column":22}}]},"3":{"line":12,"type":"binary-expr","locations":[{"start":{"line":12,"column":45},"end":{"line":12,"column":50}},{"start":{"line":12,"column":54},"end":{"line":12,"column":58}}]}}}}