TN:
SF:/Users/ray/git/492/und-ims/api/config/env/test.js
FNF:0
FNH:0
DA:8,1
LF:1
LH:1
BRF:0
BRH:0
end_of_record
TN:
SF:/Users/ray/git/492/und-ims/api/api/responses/badRequest.js
FN:13,(anonymous_1)
FNF:1
FNH:1
FNDA:3,(anonymous_1)
DA:11,2
DA:13,2
DA:14,3
DA:20,3
DA:21,3
LF:5
LH:5
BRDA:17,1,0,3
BRDA:17,1,1,1
BRF:2
BRH:2
end_of_record
TN:
SF:/Users/ray/git/492/und-ims/api/api/responses/created.js
FN:14,(anonymous_1)
FNF:1
FNH:1
FNDA:3,(anonymous_1)
DA:12,2
DA:14,2
DA:15,3
DA:21,3
DA:22,3
LF:5
LH:5
BRDA:18,1,0,3
BRDA:18,1,1,1
BRF:2
BRH:2
end_of_record
TN:
SF:/Users/ray/git/492/und-ims/api/api/responses/forbidden.js
FN:13,(anonymous_1)
FNF:1
FNH:1
FNDA:3,(anonymous_1)
DA:11,2
DA:13,2
DA:14,3
DA:20,3
DA:21,3
LF:5
LH:5
BRDA:17,1,0,3
BRDA:17,1,1,1
BRF:2
BRH:2
end_of_record
TN:
SF:/Users/ray/git/492/und-ims/api/api/responses/negotiate.js
FN:11,(anonymous_1)
FNF:1
FNH:1
FNDA:9,(anonymous_1)
DA:9,2
DA:11,2
DA:12,9
DA:13,9
DA:14,9
DA:15,9
DA:16,9
DA:17,9
DA:18,9
DA:20,9
DA:21,7
DA:22,6
DA:23,5
DA:25,3
LF:14
LH:14
BRDA:14,1,0,9
BRDA:14,1,1,3
BRDA:16,2,0,9
BRDA:16,2,1,3
BRDA:17,3,0,9
BRDA:17,3,1,3
BRDA:17,3,2,2
BRDA:20,4,0,2
BRDA:20,4,1,7
BRDA:21,5,0,1
BRDA:21,5,1,6
BRDA:22,6,0,1
BRDA:22,6,1,5
BRDA:23,7,0,2
BRDA:23,7,1,3
BRDA:23,8,0,5
BRDA:23,8,1,5
BRF:17
BRH:17
end_of_record
TN:
SF:/Users/ray/git/492/und-ims/api/api/responses/notFound.js
FN:13,(anonymous_1)
FNF:1
FNH:1
FNDA:3,(anonymous_1)
DA:11,2
DA:13,2
DA:14,3
DA:20,3
DA:21,3
LF:5
LH:5
BRDA:17,1,0,3
BRDA:17,1,1,1
BRF:2
BRH:2
end_of_record
TN:
SF:/Users/ray/git/492/und-ims/api/api/responses/ok.js
FN:14,(anonymous_1)
FNF:1
FNH:1
FNDA:4,(anonymous_1)
DA:12,2
DA:14,2
DA:15,4
DA:21,4
DA:22,4
LF:5
LH:5
BRDA:18,1,0,4
BRDA:18,1,1,1
BRF:2
BRH:2
end_of_record
TN:
SF:/Users/ray/git/492/und-ims/api/api/responses/serverError.js
FN:12,(anonymous_1)
FNF:1
FNH:1
FNDA:3,(anonymous_1)
DA:10,2
DA:12,2
DA:13,3
DA:19,3
DA:20,3
LF:5
LH:5
BRDA:16,1,0,3
BRDA:16,1,1,1
BRF:2
BRH:2
end_of_record
TN:
SF:/Users/ray/git/492/und-ims/api/api/responses/unauthorized.js
FN:13,(anonymous_1)
FNF:1
FNH:1
FNDA:3,(anonymous_1)
DA:11,2
DA:13,2
DA:14,3
DA:20,3
DA:21,3
LF:5
LH:5
BRDA:17,1,0,3
BRDA:17,1,1,1
BRF:2
BRH:2
end_of_record
TN:
SF:/Users/ray/git/492/und-ims/api/api/services/CipherService.js
FNF:0
FNH:0
DA:3,2
DA:4,2
DA:6,2
LF:3
LH:3
BRF:0
BRH:0
end_of_record
TN:
SF:/Users/ray/git/492/und-ims/api/config/services/cipher.js
FNF:0
FNH:0
DA:3,2
LF:1
LH:1
BRF:0
BRH:0
end_of_record
TN:
SF:/Users/ray/git/492/und-ims/api/api/services/HashService.js
FNF:0
FNH:0
DA:3,2
DA:4,2
DA:6,2
LF:3
LH:3
BRF:0
BRH:0
end_of_record
TN:
SF:/Users/ray/git/492/und-ims/api/config/services/hash.js
FNF:0
FNH:0
DA:3,2
LF:1
LH:1
BRF:0
BRH:0
end_of_record
TN:
SF:/Users/ray/git/492/und-ims/api/config/blueprints.js
FNF:0
FNH:0
DA:14,1
LF:1
LH:1
BRF:0
BRH:0
end_of_record
TN:
SF:/Users/ray/git/492/und-ims/api/config/bootstrap.js
FNF:0
FNH:0
DA:9,1
DA:10,1
LF:2
LH:2
BRF:0
BRH:0
end_of_record
TN:
SF:/Users/ray/git/492/und-ims/api/config/connections.js
FNF:0
FNH:0
DA:15,1
LF:1
LH:1
BRF:0
BRH:0
end_of_record
TN:
SF:/Users/ray/git/492/und-ims/api/config/cors.js
FNF:0
FNH:0
DA:11,1
LF:1
LH:1
BRF:0
BRH:0
end_of_record
TN:
SF:/Users/ray/git/492/und-ims/api/config/cron.js
FNF:0
FNH:0
DA:22,1
LF:1
LH:1
BRF:0
BRH:0
end_of_record
TN:
SF:/Users/ray/git/492/und-ims/api/config/errors.js
FNF:0
FNH:0
DA:10,1
LF:1
LH:1
BRF:0
BRH:0
end_of_record
TN:
SF:/Users/ray/git/492/und-ims/api/config/globals.js
FNF:0
FNH:0
DA:8,1
LF:1
LH:1
BRF:0
BRH:0
end_of_record
TN:
SF:/Users/ray/git/492/und-ims/api/config/http.js
FNF:0
FNH:0
DA:8,1
DA:67,0
DA:68,0
LF:3
LH:1
BRF:0
BRH:0
end_of_record
TN:
SF:/Users/ray/git/492/und-ims/api/config/log.js
FNF:0
FNH:0
DA:12,1
LF:1
LH:1
BRF:0
BRH:0
end_of_record
TN:
SF:/Users/ray/git/492/und-ims/api/config/models.js
FNF:0
FNH:0
DA:9,1
LF:1
LH:1
BRF:0
BRH:0
end_of_record
TN:
SF:/Users/ray/git/492/und-ims/api/config/passport.js
FN:153,(anonymous_1)
FNF:1
FNH:0
FNDA:0,(anonymous_1)
DA:8,1
DA:9,1
DA:10,1
DA:11,1
DA:12,1
DA:13,1
DA:14,1
DA:15,1
DA:16,1
DA:17,1
DA:18,1
DA:19,1
DA:20,1
DA:21,1
DA:22,1
DA:23,1
DA:24,1
DA:25,1
DA:26,1
DA:27,1
DA:34,1
DA:46,1
DA:60,1
DA:76,1
DA:77,0
DA:80,0
DA:81,0
DA:82,0
DA:94,1
DA:95,0
DA:98,0
DA:99,0
DA:113,1
DA:114,0
DA:115,0
DA:116,0
DA:118,0
DA:126,0
DA:128,0
DA:131,0
DA:132,0
DA:136,0
DA:137,0
DA:141,1
DA:154,0
DA:156,0
DA:164,1
DA:165,1
DA:166,1
DA:167,1
DA:168,1
DA:169,1
DA:170,1
DA:171,1
DA:172,1
DA:173,1
DA:174,1
DA:175,1
DA:176,1
DA:177,1
DA:178,1
DA:179,1
DA:180,1
LF:63
LH:44
BRDA:80,1,0,0
BRDA:80,1,1,0
BRDA:81,2,0,0
BRDA:81,2,1,0
BRDA:98,3,0,0
BRDA:98,3,1,0
BRDA:114,4,0,0
BRDA:114,4,1,0
BRDA:119,5,0,0
BRDA:119,5,1,0
BRDA:119,5,2,0
BRDA:120,6,0,0
BRDA:120,6,1,0
BRDA:120,6,2,0
BRDA:121,7,0,0
BRDA:121,7,1,0
BRDA:121,7,2,0
BRDA:122,8,0,0
BRDA:122,8,1,0
BRDA:122,8,2,0
BRDA:123,9,0,0
BRDA:123,9,1,0
BRDA:123,9,2,0
BRDA:131,10,0,0
BRDA:131,10,1,0
BRDA:154,11,0,0
BRDA:154,11,1,0
BRDA:154,12,0,0
BRDA:154,12,1,0
BRDA:154,13,0,0
BRDA:154,13,1,0
BRF:31
BRH:0
end_of_record
TN:
SF:/Users/ray/git/492/und-ims/api/config/policies.js
FNF:0
FNH:0
DA:14,1
LF:1
LH:1
BRF:0
BRH:0
end_of_record
TN:
SF:/Users/ray/git/492/und-ims/api/config/routes.js
FNF:0
FNH:0
DA:9,1
LF:1
LH:1
BRF:0
BRH:0
end_of_record
TN:
SF:/Users/ray/git/492/und-ims/api/config/env/development.js
FNF:0
FNH:0
DA:8,1
LF:1
LH:1
BRF:0
BRH:0
end_of_record
TN:
SF:/Users/ray/git/492/und-ims/api/api/hooks/CountHook.js
FNF:0
FNH:0
DA:7,1
DA:8,1
DA:9,1
DA:11,1
DA:12,0
DA:13,0
DA:15,0
DA:18,1
DA:19,1
DA:21,1
DA:22,1
DA:24,1
DA:25,1
DA:26,1
DA:28,1
DA:30,1
DA:32,1
DA:33,1
DA:36,1
DA:38,1
DA:43,1
LF:21
LH:18
BRDA:22,1,0,1
BRDA:22,1,1,1
BRDA:28,2,0,0
BRDA:28,2,1,1
BRDA:32,3,0,1
BRDA:32,3,1,0
BRDA:32,4,0,1
BRDA:32,4,1,1
BRF:8
BRH:6
end_of_record
TN:
SF:/Users/ray/git/492/und-ims/api/api/hooks/PluralizeHook.js
FNF:0
FNH:0
DA:8,1
DA:10,1
DA:11,1
DA:13,1
DA:14,1
DA:16,1
DA:17,4
DA:18,3
DA:23,1
LF:9
LH:9
BRDA:14,1,0,0
BRDA:14,1,1,1
BRDA:17,2,0,3
BRDA:17,2,1,1
BRDA:17,3,0,4
BRDA:17,3,1,3
BRF:6
BRH:5
end_of_record
TN:
SF:/Users/ray/git/492/und-ims/api/api/models/User.js
FN:52,(anonymous_1)
FN:61,(anonymous_2)
FN:73,(anonymous_3)
FNF:3
FNH:2
FNDA:0,(anonymous_1)
FNDA:1,(anonymous_2)
FNDA:1,(anonymous_3)
DA:8,1
DA:53,0
DA:55,0
DA:57,0
DA:62,1
DA:63,1
DA:65,1
DA:67,1
DA:68,1
DA:74,1
DA:76,1
DA:78,1
DA:79,1
LF:13
LH:10
BRDA:62,1,0,0
BRDA:62,1,1,1
BRDA:63,2,0,0
BRDA:63,2,1,1
BRDA:74,3,0,0
BRDA:74,3,1,1
BRF:6
BRH:3
end_of_record
TN:
SF:/Users/ray/git/492/und-ims/api/api/blueprints/add.js
FNF:0
FNH:0
DA:13,1
LF:1
LH:1
BRF:0
BRH:0
end_of_record
TN:
SF:/Users/ray/git/492/und-ims/api/api/blueprints/create.js
FNF:0
FNH:0
DA:3,1
DA:4,1
DA:12,1
DA:13,0
DA:14,0
DA:16,0
LF:6
LH:3
BRF:0
BRH:0
end_of_record
TN:
SF:/Users/ray/git/492/und-ims/api/api/blueprints/destroy.js
FNF:0
FNH:0
DA:3,1
DA:11,1
DA:12,0
DA:13,0
DA:15,0
DA:17,0
LF:6
LH:2
BRDA:17,1,0,0
BRDA:17,1,1,0
BRF:2
BRH:0
end_of_record
TN:
SF:/Users/ray/git/492/und-ims/api/api/blueprints/find.js
FNF:0
FNH:0
DA:3,1
DA:4,1
DA:6,1
DA:7,1
DA:16,1
DA:17,0
DA:19,0
DA:20,0
DA:21,0
DA:22,0
DA:23,0
DA:24,0
DA:25,0
DA:26,0
DA:27,0
DA:29,0
DA:30,0
LF:17
LH:5
BRDA:19,1,0,0
BRDA:19,1,1,0
BRDA:20,2,0,0
BRDA:20,2,1,0
BRDA:24,3,0,0
BRDA:24,3,1,0
BRDA:26,4,0,0
BRDA:26,4,1,0
BRF:8
BRH:0
end_of_record
TN:
SF:/Users/ray/git/492/und-ims/api/api/blueprints/findone.js
FNF:0
FNH:0
DA:3,1
DA:4,1
DA:6,1
DA:7,1
DA:15,1
DA:16,0
DA:18,0
DA:19,0
DA:20,0
DA:21,0
DA:22,0
DA:23,0
DA:25,0
DA:26,0
LF:14
LH:5
BRDA:18,1,0,0
BRDA:18,1,1,0
BRDA:19,2,0,0
BRDA:19,2,1,0
BRDA:22,3,0,0
BRDA:22,3,1,0
BRDA:26,4,0,0
BRDA:26,4,1,0
BRF:8
BRH:0
end_of_record
TN:
SF:/Users/ray/git/492/und-ims/api/api/blueprints/populate.js
FNF:0
FNH:0
DA:9,1
LF:1
LH:1
BRF:0
BRH:0
end_of_record
TN:
SF:/Users/ray/git/492/und-ims/api/api/blueprints/remove.js
FNF:0
FNH:0
DA:8,1
LF:1
LH:1
BRF:0
BRH:0
end_of_record
TN:
SF:/Users/ray/git/492/und-ims/api/api/blueprints/update.js
FNF:0
FNH:0
DA:3,1
DA:4,1
DA:12,1
DA:13,0
DA:14,0
DA:15,0
DA:17,0
DA:19,0
LF:8
LH:3
BRDA:19,1,0,0
BRDA:19,1,1,0
BRF:2
BRH:0
end_of_record
TN:
SF:/Users/ray/git/492/und-ims/api/api/controllers/AuthController.js
FN:17,(anonymous_1)
FN:26,(anonymous_2)
FN:43,(anonymous_3)
FN:62,(anonymous_4)
FNF:4
FNH:0
FNDA:0,(anonymous_1)
FNDA:0,(anonymous_2)
FNDA:0,(anonymous_3)
FNDA:0,(anonymous_4)
DA:8,1
DA:9,1
DA:11,1
DA:18,0
DA:27,0
DA:29,0
DA:32,0
DA:44,0
DA:45,0
DA:47,0
DA:48,0
DA:51,0
DA:52,0
DA:53,0
DA:63,0
DA:65,0
DA:67,0
LF:17
LH:3
BRDA:44,1,0,0
BRDA:44,1,1,0
BRDA:47,2,0,0
BRDA:47,2,1,0
BRDA:63,3,0,0
BRDA:63,3,1,0
BRF:6
BRH:0
end_of_record
TN:
SF:/Users/ray/git/492/und-ims/api/api/controllers/PingController.js
FN:9,(anonymous_1)
FNF:1
FNH:1
FNDA:1,(anonymous_1)
DA:8,1
DA:10,1
LF:2
LH:2
BRF:0
BRH:0
end_of_record
TN:
SF:/Users/ray/git/492/und-ims/api/api/controllers/SearchController.js
FN:15,(anonymous_1)
FNF:1
FNH:0
FNDA:0,(anonymous_1)
DA:8,1
DA:9,1
DA:11,1
DA:12,1
DA:14,1
DA:16,0
DA:17,0
DA:19,0
DA:21,0
DA:22,0
DA:24,0
DA:26,0
DA:28,0
LF:13
LH:5
BRDA:17,1,0,0
BRDA:17,1,1,0
BRDA:19,2,0,0
BRDA:19,2,1,0
BRDA:24,3,0,0
BRDA:24,3,1,0
BRF:6
BRH:0
end_of_record
TN:
SF:/Users/ray/git/492/und-ims/api/api/controllers/UserController.js
FNF:0
FNH:0
DA:8,1
LF:1
LH:1
BRF:0
BRH:0
end_of_record
TN:
SF:/Users/ray/git/492/und-ims/api/api/policies/isAuthenticated.js
FNF:0
FNH:0
DA:8,1
DA:10,1
DA:11,0
DA:12,0
DA:14,0
DA:16,0
LF:6
LH:2
BRDA:12,1,0,0
BRDA:12,1,1,0
BRDA:12,2,0,0
BRDA:12,2,1,0
BRDA:12,3,0,0
BRDA:12,3,1,0
BRF:6
BRH:0
end_of_record
